<?xml version="1.0"?>
<!DOCTYPE coverage SYSTEM "http://cobertura.sourceforge.net/xml/coverage-04.dtd">
<coverage 
line-rate="0.95" lines-valid="21" lines-covered="20" branches-valid="4" branches-covered="3" branch-rate="0.75" complexity="0" version="1.0" timestamp="1486114812785">
    <sources>
        <source>--source</source>
        <source>/home/ankit/IdeaProjects/Dig/src/main/scala-2.11</source>
        <source>/home/ankit/IdeaProjects/Dig/src/main/scala</source>
        <source>/home/ankit/IdeaProjects/Dig/src/main/java</source>
    </sources>
    <packages>
        <package name="com.edu.knoldus" line-rate="0.95" branch-rate="0.75" complexity="0">
            <classes>
                <class 
                name="com.edu.knoldus.FileMining" filename="com/edu/knoldus/FileMining.scala" line-rate="0.95" branch-rate="0.75" complexity="0">
                    <methods>
                        <method 
                        name="com.edu.knoldus/FileMining/drillDownToDirectory" signature="()V" line-rate="0.95" branch-rate="0.75" complexity="0">
                            <lines>
                                <line number="16" hits="1" branch="false"/>
                                <line number="20" hits="1" branch="false"/>
                                <line number="21" hits="1" branch="false"/>
                                <line number="30" hits="1" branch="false"/>
                                <line number="16" hits="1" branch="false"/>
                                <line number="17" hits="1" branch="false"/>
                                <line number="19" hits="1" branch="false"/>
                                <line number="17" hits="1" branch="false"/>
                                <line number="19" hits="1" branch="false"/>
                                <line number="23" hits="1" branch="false"/>
                                <line number="20" hits="1" branch="false"/>
                                <line number="14" hits="1" branch="false"/>
                                <line number="21" hits="1" branch="false"/>
                                <line number="30" hits="1" branch="false"/>
                                <line number="20" hits="1" branch="false"/>
                                <line number="25" hits="0" branch="false"/>
                                <line number="21" hits="1" branch="false"/>
                                <line number="16" hits="1" branch="false"/>
                                <line number="29" hits="1" branch="false"/>
                                <line number="20" hits="1" branch="false"/>
                                <line number="23" hits="1" branch="false"/>
                            </lines>
</method>
                    </methods>
                    <lines>
                        <line number="16" hits="1" branch="false"/>
                        <line number="20" hits="1" branch="false"/>
                        <line number="21" hits="1" branch="false"/>
                        <line number="30" hits="1" branch="false"/>
                        <line number="16" hits="1" branch="false"/>
                        <line number="17" hits="1" branch="false"/>
                        <line number="19" hits="1" branch="false"/>
                        <line number="17" hits="1" branch="false"/>
                        <line number="19" hits="1" branch="false"/>
                        <line number="23" hits="1" branch="false"/>
                        <line number="20" hits="1" branch="false"/>
                        <line number="14" hits="1" branch="false"/>
                        <line number="21" hits="1" branch="false"/>
                        <line number="30" hits="1" branch="false"/>
                        <line number="20" hits="1" branch="false"/>
                        <line number="25" hits="0" branch="false"/>
                        <line number="21" hits="1" branch="false"/>
                        <line number="16" hits="1" branch="false"/>
                        <line number="29" hits="1" branch="false"/>
                        <line number="20" hits="1" branch="false"/>
                        <line number="23" hits="1" branch="false"/>
                    </lines>
</class>
            </classes>
        </package>
    </packages>
</coverage>
